<?xml version="1.0" encoding="UTF-8"?>
<testsuite xmlns:xsi="http://www.w3.org/2001/XMLSchema-instance" xsi:noNamespaceSchemaLocation="https://maven.apache.org/surefire/maven-surefire-plugin/xsd/surefire-test-report.xsd" name="com.udacity.jdnd.course3.critter.CritterFunctionalTest" time="7.727" tests="9" errors="0" skipped="0" failures="1">
  <properties>
[...]
</properties>
  <testcase name="testFindOwnerByPet" classname="com.udacity.jdnd.course3.critter.CritterFunctionalTest" time="0.383"/>
  <testcase name="testFindEmployeesByServiceAndTime" classname="com.udacity.jdnd.course3.critter.CritterFunctionalTest" time="0.188"/>
  <testcase name="testAddPetsToCustomer" classname="com.udacity.jdnd.course3.critter.CritterFunctionalTest" time="0.032"/>
  <testcase name="testCreateCustomer" classname="com.udacity.jdnd.course3.critter.CritterFunctionalTest" time="0.018"/>
  <testcase name="testSchedulePetsForServiceWithEmployee" classname="com.udacity.jdnd.course3.critter.CritterFunctionalTest" time="0.15"/>
  <testcase name="testFindPetsByOwner" classname="com.udacity.jdnd.course3.critter.CritterFunctionalTest" time="0.066"/>
  <testcase name="testCreateEmployee" classname="com.udacity.jdnd.course3.critter.CritterFunctionalTest" time="0.016"/>
  <testcase name="testChangeEmployeeAvailability" classname="com.udacity.jdnd.course3.critter.CritterFunctionalTest" time="0.019"/>
  <testcase name="testFindScheduleByEntities" classname="com.udacity.jdnd.course3.critter.CritterFunctionalTest" time="0.114">
    <failure message="expected: &lt;[PETTING]&gt; but was: &lt;[SHAVING, PETTING]&gt;" type="org.opentest4j.AssertionFailedError"><![CDATA[org.opentest4j.AssertionFailedError: expected: <[PETTING]> but was: <[SHAVING, PETTING]>
	at com.udacity.jdnd.course3.critter.CritterFunctionalTest.compareSchedules(CritterFunctionalTest.java:300)
	at com.udacity.jdnd.course3.critter.CritterFunctionalTest.testFindScheduleByEntities(CritterFunctionalTest.java:230)
]]></failure>
    <system-out><![CDATA[2020-04-21 21:46:17.492  INFO 91390 --- [           main] o.s.t.c.transaction.TransactionContext   : Began transaction (1) for test context [DefaultTestContext@4659191b testClass = CritterFunctionalTest, testInstance = com.udacity.jdnd.course3.critter.CritterFunctionalTest@17332039, testMethod = testFindScheduleByEntities@CritterFunctionalTest, testException = [null], mergedContextConfiguration = [WebMergedContextConfiguration@55634720 testClass = CritterFunctionalTest, locations = '{}', classes = '{class com.udacity.jdnd.course3.critter.CritterApplication, class com.udacity.jdnd.course3.critter.CritterApplication}', contextInitializerClasses = '[]', activeProfiles = '{}', propertySourceLocations = '{}', propertySourceProperties = '{org.springframework.boot.test.context.SpringBootTestContextBootstrapper=true}', contextCustomizers = set[org.springframework.boot.test.context.filter.ExcludeFilterContextCustomizer@42e99e4a, org.springframework.boot.test.json.DuplicateJsonObjectContextCustomizerFactory$DuplicateJsonObjectContextCustomizer@6c80d78a, org.springframework.boot.test.mock.mockito.MockitoContextCustomizer@0, org.springframework.boot.test.web.client.TestRestTemplateContextCustomizer@4466af20, org.springframework.boot.test.autoconfigure.properties.PropertyMappingContextCustomizer@0, org.springframework.boot.test.autoconfigure.web.servlet.WebDriverContextCustomizerFactory$Customizer@595b007d], resourceBasePath = 'src/main/webapp', contextLoader = 'org.springframework.boot.test.context.SpringBootContextLoader', parent = [null]], attributes = map['org.springframework.test.context.web.ServletTestExecutionListener.activateListener' -> true, 'org.springframework.test.context.web.ServletTestExecutionListener.populatedRequestContextHolder' -> true, 'org.springframework.test.context.web.ServletTestExecutionListener.resetRequestContextHolder' -> true]]; transaction manager [org.springframework.orm.jpa.JpaTransactionManager@661db63e]; rollback [true]
Hibernate: 
    call next value for hibernate_sequence
Hibernate: 
    call next value for hibernate_sequence
Hibernate: 
    call next value for hibernate_sequence
Hibernate: 
    call next value for hibernate_sequence
Hibernate: 
    insert 
    into
        employee
        (name, id) 
    values
        (?, ?)
Hibernate: 
    insert 
    into
        employee_skill_model
        (employee_id, employee_skill, id) 
    values
        (?, ?, ?)
Hibernate: 
    insert 
    into
        employee_skill_model
        (employee_id, employee_skill, id) 
    values
        (?, ?, ?)
Hibernate: 
    insert 
    into
        employee_day_available
        (days_available, employee_id, id) 
    values
        (?, ?, ?)
Hibernate: 
    insert 
    into
        customer
        (customer_id, name, notes, phone_number) 
    values
        (null, ?, ?, ?)
Hibernate: 
    insert 
    into
        pet
        (id, birth_date, name, notes, customer_id, type) 
    values
        (null, ?, ?, ?, ?, ?)
Hibernate: 
    insert 
    into
        pet
        (id, birth_date, name, notes, customer_id, type) 
    values
        (null, ?, ?, ?, ?, ?)
Hibernate: 
    call next value for hibernate_sequence
Hibernate: 
    call next value for hibernate_sequence
Hibernate: 
    call next value for hibernate_sequence
Hibernate: 
    call next value for hibernate_sequence
Hibernate: 
    call next value for hibernate_sequence
Hibernate: 
    call next value for hibernate_sequence
Hibernate: 
    call next value for hibernate_sequence
Hibernate: 
    call next value for hibernate_sequence
Hibernate: 
    call next value for hibernate_sequence
Hibernate: 
    call next value for hibernate_sequence
Hibernate: 
    call next value for hibernate_sequence
Hibernate: 
    call next value for hibernate_sequence
Hibernate: 
    call next value for hibernate_sequence
Hibernate: 
    call next value for hibernate_sequence
Hibernate: 
    call next value for hibernate_sequence
Hibernate: 
    insert 
    into
        schedule
        (date, id) 
    values
        (?, ?)
Hibernate: 
    insert 
    into
        schedule_skill
        (employee_skill, schedule_id, id) 
    values
        (?, ?, ?)
Hibernate: 
    insert 
    into
        schedule_skill
        (employee_skill, schedule_id, id) 
    values
        (?, ?, ?)
Hibernate: 
    insert 
    into
        schedule_pet
        (pet_id, schedule_id, id) 
    values
        (?, ?, ?)
Hibernate: 
    insert 
    into
        schedule_pet
        (pet_id, schedule_id, id) 
    values
        (?, ?, ?)
Hibernate: 
    insert 
    into
        schedule_employee
        (employee_id, schedule_id, id) 
    values
        (?, ?, ?)
Hibernate: 
    insert 
    into
        employee
        (name, id) 
    values
        (?, ?)
Hibernate: 
    insert 
    into
        employee_skill_model
        (employee_id, employee_skill, id) 
    values
        (?, ?, ?)
Hibernate: 
    insert 
    into
        employee_day_available
        (days_available, employee_id, id) 
    values
        (?, ?, ?)
Hibernate: 
    insert 
    into
        employee
        (name, id) 
    values
        (?, ?)
Hibernate: 
    insert 
    into
        employee_skill_model
        (employee_id, employee_skill, id) 
    values
        (?, ?, ?)
Hibernate: 
    insert 
    into
        employee_day_available
        (days_available, employee_id, id) 
    values
        (?, ?, ?)
Hibernate: 
    insert 
    into
        employee
        (name, id) 
    values
        (?, ?)
Hibernate: 
    insert 
    into
        employee_skill_model
        (employee_id, employee_skill, id) 
    values
        (?, ?, ?)
Hibernate: 
    insert 
    into
        employee_day_available
        (days_available, employee_id, id) 
    values
        (?, ?, ?)
Hibernate: 
    insert 
    into
        customer
        (customer_id, name, notes, phone_number) 
    values
        (null, ?, ?, ?)
Hibernate: 
    insert 
    into
        pet
        (id, birth_date, name, notes, customer_id, type) 
    values
        (null, ?, ?, ?, ?, ?)
Hibernate: 
    call next value for hibernate_sequence
Hibernate: 
    call next value for hibernate_sequence
Hibernate: 
    call next value for hibernate_sequence
Hibernate: 
    call next value for hibernate_sequence
Hibernate: 
    call next value for hibernate_sequence
Hibernate: 
    call next value for hibernate_sequence
Hibernate: 
    call next value for hibernate_sequence
Hibernate: 
    call next value for hibernate_sequence
Hibernate: 
    call next value for hibernate_sequence
Hibernate: 
    call next value for hibernate_sequence
Hibernate: 
    call next value for hibernate_sequence
Hibernate: 
    insert 
    into
        schedule
        (date, id) 
    values
        (?, ?)
Hibernate: 
    insert 
    into
        schedule_skill
        (employee_skill, schedule_id, id) 
    values
        (?, ?, ?)
Hibernate: 
    insert 
    into
        schedule_pet
        (pet_id, schedule_id, id) 
    values
        (?, ?, ?)
Hibernate: 
    insert 
    into
        schedule_employee
        (employee_id, schedule_id, id) 
    values
        (?, ?, ?)
Hibernate: 
    insert 
    into
        schedule_employee
        (employee_id, schedule_id, id) 
    values
        (?, ?, ?)
Hibernate: 
    insert 
    into
        schedule_employee
        (employee_id, schedule_id, id) 
    values
        (?, ?, ?)
Hibernate: 
    insert 
    into
        schedule
        (date, id) 
    values
        (?, ?)
Hibernate: 
    insert 
    into
        schedule_skill
        (employee_skill, schedule_id, id) 
    values
        (?, ?, ?)
Hibernate: 
    insert 
    into
        schedule_skill
        (employee_skill, schedule_id, id) 
    values
        (?, ?, ?)
Hibernate: 
    insert 
    into
        schedule_pet
        (pet_id, schedule_id, id) 
    values
        (?, ?, ?)
Hibernate: 
    insert 
    into
        schedule_employee
        (employee_id, schedule_id, id) 
    values
        (?, ?, ?)
Hibernate: 
    update
        pet 
    set
        birth_date=?,
        name=?,
        notes=?,
        customer_id=?,
        type=? 
    where
        id=?
Hibernate: 
    update
        pet 
    set
        birth_date=?,
        name=?,
        notes=?,
        customer_id=?,
        type=? 
    where
        id=?
Hibernate: 
    update
        pet 
    set
        birth_date=?,
        name=?,
        notes=?,
        customer_id=?,
        type=? 
    where
        id=?
Hibernate: 
    select
        scheduleem0_.id as id1_6_,
        scheduleem0_.employee_id as employee2_6_,
        scheduleem0_.schedule_id as schedule3_6_ 
    from
        schedule_employee scheduleem0_ 
    where
        scheduleem0_.employee_id=?
Hibernate: 
    select
        scheduleem0_.id as id1_6_,
        scheduleem0_.employee_id as employee2_6_,
        scheduleem0_.schedule_id as schedule3_6_ 
    from
        schedule_employee scheduleem0_ 
    where
        scheduleem0_.employee_id=?
Hibernate: 
    select
        schedulepe0_.id as id1_7_,
        schedulepe0_.pet_id as pet_id2_7_,
        schedulepe0_.schedule_id as schedule3_7_ 
    from
        schedule_pet schedulepe0_ 
    where
        schedulepe0_.pet_id=?
Hibernate: 
    select
        schedulepe0_.id as id1_7_,
        schedulepe0_.pet_id as pet_id2_7_,
        schedulepe0_.schedule_id as schedule3_7_ 
    from
        schedule_pet schedulepe0_ 
    where
        schedulepe0_.pet_id=?
2020-04-21 21:46:17.596  INFO 91390 --- [           main] o.s.t.c.transaction.TransactionContext   : Rolled back transaction for test: [DefaultTestContext@4659191b testClass = CritterFunctionalTest, testInstance = com.udacity.jdnd.course3.critter.CritterFunctionalTest@17332039, testMethod = testFindScheduleByEntities@CritterFunctionalTest, testException = org.opentest4j.AssertionFailedError: expected: <[PETTING]> but was: <[SHAVING, PETTING]>, mergedContextConfiguration = [WebMergedContextConfiguration@55634720 testClass = CritterFunctionalTest, locations = '{}', classes = '{class com.udacity.jdnd.course3.critter.CritterApplication, class com.udacity.jdnd.course3.critter.CritterApplication}', contextInitializerClasses = '[]', activeProfiles = '{}', propertySourceLocations = '{}', propertySourceProperties = '{org.springframework.boot.test.context.SpringBootTestContextBootstrapper=true}', contextCustomizers = set[org.springframework.boot.test.context.filter.ExcludeFilterContextCustomizer@42e99e4a, org.springframework.boot.test.json.DuplicateJsonObjectContextCustomizerFactory$DuplicateJsonObjectContextCustomizer@6c80d78a, org.springframework.boot.test.mock.mockito.MockitoContextCustomizer@0, org.springframework.boot.test.web.client.TestRestTemplateContextCustomizer@4466af20, org.springframework.boot.test.autoconfigure.properties.PropertyMappingContextCustomizer@0, org.springframework.boot.test.autoconfigure.web.servlet.WebDriverContextCustomizerFactory$Customizer@595b007d], resourceBasePath = 'src/main/webapp', contextLoader = 'org.springframework.boot.test.context.SpringBootContextLoader', parent = [null]], attributes = map['org.springframework.test.context.web.ServletTestExecutionListener.activateListener' -> true, 'org.springframework.test.context.web.ServletTestExecutionListener.populatedRequestContextHolder' -> true, 'org.springframework.test.context.web.ServletTestExecutionListener.resetRequestContextHolder' -> true]]
]]></system-out>
  </testcase>
</testsuite>